[MASTER] 15:53:57.513 [pool-2-thread-1] ERROR TestCluster - Failed to check cache for java.util.LinkedList<E> : Type points to itself
[MASTER] 15:54:02.603 [pool-2-thread-1] ERROR TestCluster - Failed to check cache for java.util.Comparator<T> : Type points to itself
[MASTER] 15:54:04.018 [pool-2-thread-1] ERROR TestCluster - Failed to check cache for java.util.function.Function<T, R> : Type points to itself
[MASTER] 15:54:25.302 [pool-2-thread-1] ERROR TestCluster - Failed to check cache for java.util.function.Predicate<T> : Type points to itself
[MASTER] 15:54:34.902 [pool-2-thread-1] ERROR TestCluster - Failed to check cache for java.util.Optional<T> : Type points to itself
[MASTER] 15:54:38.390 [pool-2-thread-1] ERROR ClientNodeImpl - Error when generating tests for: com.tv.tutorials.coolestuffvoorcheops.services.impl.ApplicationProcessService with seed 1539698028037. Configuration id : default
java.lang.TypeNotPresentException: Type reactor.ipc.netty.http.server.HttpServerRequest not present
	at sun.reflect.generics.factory.CoreReflectionFactory.makeNamedType(CoreReflectionFactory.java:117)
	at sun.reflect.generics.visitor.Reifier.visitClassTypeSignature(Reifier.java:125)
	at sun.reflect.generics.tree.ClassTypeSignature.accept(ClassTypeSignature.java:49)
	at sun.reflect.generics.visitor.Reifier.reifyTypeArguments(Reifier.java:68)
	at sun.reflect.generics.visitor.Reifier.visitClassTypeSignature(Reifier.java:138)
	at sun.reflect.generics.tree.ClassTypeSignature.accept(ClassTypeSignature.java:49)
	at sun.reflect.generics.repository.ClassRepository.getSuperInterfaces(ClassRepository.java:108)
	at java.lang.Class.getGenericInterfaces(Class.java:913)
	at com.googlecode.gentyref.GenericTypeReflector.getExactDirectSuperTypes(GenericTypeReflector.java:283)
	at com.googlecode.gentyref.GenericTypeReflector.getExactSuperType(GenericTypeReflector.java:138)
	at org.evosuite.utils.generic.GenericMethod.getExactReturnType(GenericMethod.java:179)
	at org.evosuite.utils.generic.GenericMethod.getReturnType(GenericMethod.java:146)
	at org.evosuite.utils.generic.GenericMethod.getGeneratedType(GenericMethod.java:142)
	at org.evosuite.setup.TestCluster.cacheGenerators(TestCluster.java:472)
	at org.evosuite.setup.TestCluster.hasGenerator(TestCluster.java:1367)
	at org.evosuite.setup.TestCluster.hasGenerator(TestCluster.java:1384)
	at org.evosuite.testcase.TestFactory.createVariable(TestFactory.java:1421)
	at org.evosuite.testcase.TestFactory.createOrReuseVariable(TestFactory.java:1376)
	at org.evosuite.testcase.TestFactory.satisfyParameters(TestFactory.java:2365)
	at org.evosuite.testcase.TestFactory.addMethodFor(TestFactory.java:601)
	at org.evosuite.testcase.TestFactory.addCallFor(TestFactory.java:130)
	at org.evosuite.testcase.TestFactory.insertRandomCallOnObjectAt(TestFactory.java:2296)
	at org.evosuite.testcase.mutation.RandomInsertion.insertStatement(RandomInsertion.java:127)
	at org.evosuite.testcase.TestFactory.insertRandomStatement(TestFactory.java:2308)
	at org.evosuite.testcase.TestChromosome.mutationInsert(TestChromosome.java:567)
	at org.evosuite.testcase.TestChromosome.mutate(TestChromosome.java:340)
	at org.evosuite.ga.archive.ArchiveTestChromosomeFactory.getChromosome(ArchiveTestChromosomeFactory.java:84)
	at org.evosuite.ga.archive.ArchiveTestChromosomeFactory.getChromosome(ArchiveTestChromosomeFactory.java:35)
	at org.evosuite.testsuite.AbstractTestSuiteChromosome.mutate(AbstractTestSuiteChromosome.java:248)
	at org.evosuite.testsuite.TestSuiteChromosome.mutate(TestSuiteChromosome.java:264)
	at org.evosuite.ga.metaheuristics.MonotonicGA.evolve(MonotonicGA.java:127)
	at org.evosuite.ga.metaheuristics.MonotonicGA.generateSolution(MonotonicGA.java:245)
	at org.evosuite.strategy.WholeTestSuiteStrategy.generateTests(WholeTestSuiteStrategy.java:113)
	at org.evosuite.TestSuiteGenerator.generateTests(TestSuiteGenerator.java:653)
	at org.evosuite.TestSuiteGenerator.generateTestSuite(TestSuiteGenerator.java:236)
	at org.evosuite.rmi.service.ClientNodeImpl$1.run(ClientNodeImpl.java:145)
	at java.util.concurrent.Executors$RunnableAdapter.call(Executors.java:511)
	at java.util.concurrent.FutureTask.run(FutureTask.java:266)
	at java.util.concurrent.ThreadPoolExecutor.runWorker(ThreadPoolExecutor.java:1149)
	at java.util.concurrent.ThreadPoolExecutor$Worker.run(ThreadPoolExecutor.java:624)
	at java.lang.Thread.run(Thread.java:748)
Caused by: java.lang.ClassNotFoundException: Class 'reactor/ipc/netty/http/server/HttpServerRequest.class' should be in target project, but could not be found!
	at org.evosuite.instrumentation.InstrumentingClassLoader.instrumentClass(InstrumentingClassLoader.java:201)
	at org.evosuite.instrumentation.InstrumentingClassLoader.loadClass(InstrumentingClassLoader.java:168)
	at java.lang.Class.forName0(Native Method)
	at java.lang.Class.forName(Class.java:348)
	at sun.reflect.generics.factory.CoreReflectionFactory.makeNamedType(CoreReflectionFactory.java:114)
	... 40 common frames omitted
Caused by: java.lang.ClassNotFoundException: Class 'reactor/ipc/netty/http/server/HttpServerRequest.class' should be in target project, but could not be found!
	at org.evosuite.instrumentation.InstrumentingClassLoader.instrumentClass(InstrumentingClassLoader.java:188)
	... 44 common frames omitted
